  stb.cpp
  light.cpp
  material.cpp
  mesh.cpp
C:\Users\Hans\Desktop\CVED\development\c++\projects\OpenGLTutorial\OpenGLTutorial\src\graphics\mesh.cpp(74,65): warning C4267: 'argument': conversion from 'size_t' to 'GLsizei', possible loss of data
  model.cpp
  texture.cpp
  camera.cpp
C:\Users\Hans\Desktop\CVED\development\c++\projects\OpenGLTutorial\OpenGLTutorial\src\io\camera.cpp(18,11): warning C4244: '+=': conversion from 'double' to 'float', possible loss of data
C:\Users\Hans\Desktop\CVED\development\c++\projects\OpenGLTutorial\OpenGLTutorial\src\io\camera.cpp(19,13): warning C4244: '+=': conversion from 'double' to 'float', possible loss of data
C:\Users\Hans\Desktop\CVED\development\c++\projects\OpenGLTutorial\OpenGLTutorial\src\io\camera.cpp(59,13): warning C4244: '-=': conversion from 'double' to 'float', possible loss of data
  keyboard.cpp
  mouse.cpp
  screen.cpp
  main.cpp
C:\Users\Hans\Desktop\CVED\development\c++\projects\OpenGLTutorial\OpenGLTutorial\src\graphics\models\cube.hpp(61,36): warning C4018: '<': signed/unsigned mismatch
  shader.cpp
  Generating Code...
  glad.c
LINK : warning LNK4098: defaultlib 'MSVCRT' conflicts with use of other libs; use /NODEFAULTLIB:library
  OpenGLTutorial.vcxproj -> C:\Users\Hans\Desktop\CVED\development\c++\projects\OpenGLTutorial\x64\Debug\OpenGLTutorial.exe
