c:\users\hans\desktop\cved\development\c++\projects\opengltutorial\opengltutorial\x64\debug\vc142.pdb
c:\users\hans\desktop\cved\development\c++\projects\opengltutorial\opengltutorial\x64\debug\vc142.idb
c:\users\hans\desktop\cved\development\c++\projects\opengltutorial\opengltutorial\x64\debug\shader.obj
c:\users\hans\desktop\cved\development\c++\projects\opengltutorial\opengltutorial\x64\debug\main.obj
c:\users\hans\desktop\cved\development\c++\projects\opengltutorial\opengltutorial\x64\debug\screen.obj
c:\users\hans\desktop\cved\development\c++\projects\opengltutorial\opengltutorial\x64\debug\mouse.obj
c:\users\hans\desktop\cved\development\c++\projects\opengltutorial\opengltutorial\x64\debug\keyboard.obj
c:\users\hans\desktop\cved\development\c++\projects\opengltutorial\opengltutorial\x64\debug\camera.obj
c:\users\hans\desktop\cved\development\c++\projects\opengltutorial\opengltutorial\x64\debug\texture.obj
c:\users\hans\desktop\cved\development\c++\projects\opengltutorial\opengltutorial\x64\debug\model.obj
c:\users\hans\desktop\cved\development\c++\projects\opengltutorial\opengltutorial\x64\debug\mesh.obj
c:\users\hans\desktop\cved\development\c++\projects\opengltutorial\opengltutorial\x64\debug\material.obj
c:\users\hans\desktop\cved\development\c++\projects\opengltutorial\opengltutorial\x64\debug\stb.obj
c:\users\hans\desktop\cved\development\c++\projects\opengltutorial\opengltutorial\x64\debug\glad.obj
c:\users\hans\desktop\cved\development\c++\projects\opengltutorial\x64\debug\opengltutorial.exe
c:\users\hans\desktop\cved\development\c++\projects\opengltutorial\x64\debug\opengltutorial.ilk
c:\users\hans\desktop\cved\development\c++\projects\opengltutorial\x64\debug\opengltutorial.pdb
c:\users\hans\desktop\cved\development\c++\projects\opengltutorial\opengltutorial\x64\debug\opengltutorial.tlog\cl.command.1.tlog
c:\users\hans\desktop\cved\development\c++\projects\opengltutorial\opengltutorial\x64\debug\opengltutorial.tlog\cl.read.1.tlog
c:\users\hans\desktop\cved\development\c++\projects\opengltutorial\opengltutorial\x64\debug\opengltutorial.tlog\cl.write.1.tlog
c:\users\hans\desktop\cved\development\c++\projects\opengltutorial\opengltutorial\x64\debug\opengltutorial.tlog\link.command.1.tlog
c:\users\hans\desktop\cved\development\c++\projects\opengltutorial\opengltutorial\x64\debug\opengltutorial.tlog\link.read.1.tlog
c:\users\hans\desktop\cved\development\c++\projects\opengltutorial\opengltutorial\x64\debug\opengltutorial.tlog\link.write.1.tlog
